生成启动时间为 2020/5/18 10:33:40。
     1>项目“E:\c++\堆\堆\堆.vcxproj”在节点 2 上(Build 个目标)。
     1>ClCompile:
         D:\VS2013\VC\bin\CL.exe /c /ZI /nologo /W3 /WX- /sdl /Od /Oy- /D _UNICODE /D UNICODE /Gm /EHsc /RTC1 /MDd /GS /fp:precise /Zc:wchar_t /Zc:forScope /Fo"Debug\\" /Fd"Debug\vc120.pdb" /Gd /TC /analyze- /errorReport:prompt heap.c test.c
         test.c
         heap.c
     1>e:\c++\堆\堆\heap.c(4): warning C4030: 第一个形参表比第二个长
     1>e:\c++\堆\堆\heap.c(16): warning C4018: “<”: 有符号/无符号不匹配
     1>e:\c++\堆\堆\heap.c(18): warning C4018: “<”: 有符号/无符号不匹配
     1>e:\c++\堆\堆\heap.c(33): warning C4029: 声明的形参表不同于定义
     1>e:\c++\堆\堆\heap.c(56): warning C4047: “==”:“size_t”与“Type *”的间接级别不同
         正在生成代码...
     1>e:\c++\堆\堆\heap.c(72): warning C4716: “heapSize”: 必须返回一个值
     1>e:\c++\堆\堆\heap.c(76): warning C4716: “heapEmpty”: 必须返回一个值
       Link:
         D:\VS2013\VC\bin\link.exe /ERRORREPORT:PROMPT /OUT:"E:\c++\堆\Debug\堆.exe" /INCREMENTAL /NOLOGO kernel32.lib user32.lib gdi32.lib winspool.lib comdlg32.lib advapi32.lib shell32.lib ole32.lib oleaut32.lib uuid.lib odbc32.lib odbccp32.lib /MANIFEST /MANIFESTUAC:"level='asInvoker' uiAccess='false'" /manifest:embed /DEBUG /PDB:"E:\c++\堆\Debug\堆.pdb" /TLBID:1 /DYNAMICBASE /NXCOMPAT /IMPLIB:"E:\c++\堆\Debug\堆.lib" /MACHINE:X86 Debug\heap.obj
         Debug\test.obj
         堆.vcxproj -> E:\c++\堆\Debug\堆.exe
     1>已完成生成项目“E:\c++\堆\堆\堆.vcxproj”(Build 个目标)的操作。

生成成功。

已用时间 00:00:03.13
